2025-02-21 15:28:39,167 - __main__ - INFO - 大漠插件版本: 7.2450
2025-02-21 15:28:39,168 - mouse_tracker - INFO - 当前光标位置: x=688, y=243
2025-02-21 15:28:39,669 - mouse_tracker - INFO - 当前光标位置: x=686, y=251
2025-02-21 15:28:40,184 - mouse_tracker - INFO - 当前光标位置: x=681, y=257
2025-02-21 15:28:40,685 - mouse_tracker - INFO - 当前光标位置: x=681, y=257
2025-02-21 15:28:41,196 - mouse_tracker - INFO - 当前光标位置: x=828, y=348
2025-02-21 15:28:41,698 - mouse_tracker - INFO - 当前光标位置: x=1258, y=667
2025-02-21 15:28:42,202 - mouse_tracker - INFO - 当前光标位置: x=940, y=662
2025-02-21 15:28:42,705 - mouse_tracker - INFO - 当前光标位置: x=940, y=662
2025-02-21 15:28:43,209 - mouse_tracker - INFO - 当前光标位置: x=696, y=616
2025-02-21 15:28:43,713 - mouse_tracker - INFO - 当前光标位置: x=659, y=650
2025-02-21 15:28:44,214 - mouse_tracker - INFO - 当前光标位置: x=737, y=597
2025-02-21 15:28:44,716 - mouse_tracker - INFO - 当前光标位置: x=609, y=466
2025-02-21 15:28:45,217 - mouse_tracker - INFO - 当前光标位置: x=548, y=347
2025-02-21 15:28:45,721 - mouse_tracker - INFO - 当前光标位置: x=460, y=397
2025-02-21 15:28:46,225 - mouse_tracker - INFO - 当前光标位置: x=451, y=453
2025-02-21 15:28:46,726 - mouse_tracker - INFO - 当前光标位置: x=450, y=468
2025-02-21 15:28:47,228 - mouse_tracker - INFO - 当前光标位置: x=164, y=212
2025-02-21 15:28:47,733 - mouse_tracker - INFO - 当前光标位置: x=164, y=212
2025-02-21 15:28:48,237 - mouse_tracker - INFO - 当前光标位置: x=164, y=212
2025-02-21 15:28:48,743 - mouse_tracker - INFO - 当前光标位置: x=162, y=214
2025-02-21 15:28:49,249 - mouse_tracker - INFO - 当前光标位置: x=162, y=214
2025-02-21 15:28:49,762 - mouse_tracker - INFO - 当前光标位置: x=162, y=214
2025-02-21 15:28:50,263 - mouse_tracker - INFO - 当前光标位置: x=966, y=416
2025-02-21 15:28:50,771 - mouse_tracker - INFO - 当前光标位置: x=159, y=279
2025-02-21 15:28:51,285 - mouse_tracker - INFO - 当前光标位置: x=159, y=278
2025-02-21 15:28:51,789 - mouse_tracker - INFO - 当前光标位置: x=152, y=391
2025-02-21 15:28:52,293 - mouse_tracker - INFO - 当前光标位置: x=798, y=565
2025-02-21 15:28:52,800 - mouse_tracker - INFO - 当前光标位置: x=855, y=908
2025-02-21 15:28:53,196 - mouse_tracker - INFO - 鼠标跟踪已停止
2025-02-21 15:30:12,417 - dm_controller - ERROR - DLL加载失败: Could not find module 'D:\workspace\code\DmDemo\DmReg.dll' (or one of its dependencies). Try using the full path with constructor syntax.
2025-02-21 15:30:12,418 - __main__ - ERROR - 大漠插件加载失败
2025-02-21 15:31:10,634 - dm_controller - ERROR - DLL加载失败: Could not find module 'D:\workspace\code\DmDemo\DmReg.dll' (or one of its dependencies). Try using the full path with constructor syntax.
2025-02-21 15:31:10,635 - __main__ - ERROR - 大漠插件加载失败
2025-02-21 15:32:31,083 - __main__ - INFO - 大漠插件版本: 7.2450
2025-02-21 15:32:31,084 - mouse_tracker - INFO - 当前光标位置: x=661, y=709
2025-02-21 15:32:31,591 - mouse_tracker - INFO - 当前光标位置: x=674, y=692
2025-02-21 15:32:32,106 - mouse_tracker - INFO - 当前光标位置: x=673, y=647
2025-02-21 15:32:32,607 - mouse_tracker - INFO - 当前光标位置: x=274, y=390
2025-02-21 15:32:33,121 - mouse_tracker - INFO - 当前光标位置: x=734, y=336
2025-02-21 15:32:33,635 - mouse_tracker - INFO - 当前光标位置: x=995, y=337
2025-02-21 15:32:34,150 - mouse_tracker - INFO - 当前光标位置: x=955, y=297
2025-02-21 15:32:34,665 - mouse_tracker - INFO - 当前光标位置: x=822, y=268
2025-02-21 15:32:35,169 - mouse_tracker - INFO - 当前光标位置: x=1337, y=353
2025-02-21 15:32:35,684 - mouse_tracker - INFO - 当前光标位置: x=980, y=325
2025-02-21 15:32:36,197 - mouse_tracker - INFO - 当前光标位置: x=1424, y=47
2025-02-21 15:32:36,711 - mouse_tracker - INFO - 当前光标位置: x=1494, y=54
2025-02-21 15:32:37,212 - mouse_tracker - INFO - 当前光标位置: x=1494, y=54
2025-02-21 15:32:37,716 - mouse_tracker - INFO - 当前光标位置: x=1494, y=54
2025-02-21 15:32:38,218 - mouse_tracker - INFO - 当前光标位置: x=1494, y=54
2025-02-21 15:32:38,731 - mouse_tracker - INFO - 当前光标位置: x=1509, y=45
2025-02-21 15:32:39,233 - mouse_tracker - INFO - 当前光标位置: x=1509, y=45
2025-02-21 15:32:39,745 - mouse_tracker - INFO - 当前光标位置: x=1509, y=45
2025-02-21 15:32:40,248 - mouse_tracker - INFO - 当前光标位置: x=859, y=74
2025-02-21 15:32:40,762 - mouse_tracker - INFO - 当前光标位置: x=488, y=55
2025-02-21 15:32:41,276 - mouse_tracker - INFO - 当前光标位置: x=490, y=54
2025-02-21 15:32:41,791 - mouse_tracker - INFO - 当前光标位置: x=366, y=43
2025-02-21 15:32:42,306 - mouse_tracker - INFO - 当前光标位置: x=563, y=266
2025-02-21 15:32:42,820 - mouse_tracker - INFO - 当前光标位置: x=808, y=374
2025-02-21 15:32:43,320 - mouse_tracker - INFO - 当前光标位置: x=809, y=386
2025-02-21 15:32:43,824 - mouse_tracker - INFO - 当前光标位置: x=825, y=390
2025-02-21 15:32:44,338 - mouse_tracker - INFO - 当前光标位置: x=737, y=441
2025-02-21 15:32:44,851 - mouse_tracker - INFO - 当前光标位置: x=860, y=489
2025-02-21 15:32:45,351 - mouse_tracker - INFO - 当前光标位置: x=685, y=554
2025-02-21 15:32:45,854 - mouse_tracker - INFO - 当前光标位置: x=674, y=541
2025-02-21 15:32:46,356 - mouse_tracker - INFO - 当前光标位置: x=660, y=526
2025-02-21 15:32:46,857 - mouse_tracker - INFO - 当前光标位置: x=655, y=524
2025-02-21 15:32:47,358 - mouse_tracker - INFO - 当前光标位置: x=638, y=517
2025-02-21 15:32:47,862 - mouse_tracker - INFO - 当前光标位置: x=591, y=514
2025-02-21 15:32:48,364 - mouse_tracker - INFO - 当前光标位置: x=515, y=533
2025-02-21 15:32:48,869 - mouse_tracker - INFO - 当前光标位置: x=554, y=431
2025-02-21 15:32:49,384 - mouse_tracker - INFO - 当前光标位置: x=633, y=494
2025-02-21 15:32:49,887 - mouse_tracker - INFO - 当前光标位置: x=583, y=521
2025-02-21 15:32:50,387 - mouse_tracker - INFO - 当前光标位置: x=562, y=462
2025-02-21 15:32:50,888 - mouse_tracker - INFO - 当前光标位置: x=565, y=439
2025-02-21 15:32:51,402 - mouse_tracker - INFO - 当前光标位置: x=539, y=567
2025-02-21 15:32:51,916 - mouse_tracker - INFO - 当前光标位置: x=576, y=601
2025-02-21 15:32:52,431 - mouse_tracker - INFO - 当前光标位置: x=660, y=604
2025-02-21 15:32:52,932 - mouse_tracker - INFO - 当前光标位置: x=593, y=601
2025-02-21 15:32:53,442 - mouse_tracker - INFO - 当前光标位置: x=632, y=506
2025-02-21 15:32:53,946 - mouse_tracker - INFO - 当前光标位置: x=595, y=506
2025-02-21 15:32:54,460 - mouse_tracker - INFO - 当前光标位置: x=854, y=563
2025-02-21 15:32:54,969 - mouse_tracker - INFO - 当前光标位置: x=742, y=601
2025-02-21 15:32:55,470 - mouse_tracker - INFO - 当前光标位置: x=657, y=536
2025-02-21 15:32:55,974 - mouse_tracker - INFO - 当前光标位置: x=700, y=504
2025-02-21 15:32:56,489 - mouse_tracker - INFO - 当前光标位置: x=784, y=515
2025-02-21 15:32:56,993 - mouse_tracker - INFO - 当前光标位置: x=732, y=600
2025-02-21 15:32:57,501 - mouse_tracker - INFO - 当前光标位置: x=724, y=601
2025-02-21 15:32:58,013 - mouse_tracker - INFO - 当前光标位置: x=735, y=496
2025-02-21 15:32:58,527 - mouse_tracker - INFO - 当前光标位置: x=766, y=501
2025-02-21 15:32:59,030 - mouse_tracker - INFO - 当前光标位置: x=687, y=600
2025-02-21 15:32:59,543 - mouse_tracker - INFO - 当前光标位置: x=694, y=600
2025-02-21 15:33:00,058 - mouse_tracker - INFO - 当前光标位置: x=690, y=613
2025-02-21 15:33:00,559 - mouse_tracker - INFO - 当前光标位置: x=543, y=521
2025-02-21 15:33:01,073 - mouse_tracker - INFO - 当前光标位置: x=612, y=494
2025-02-21 15:33:01,588 - mouse_tracker - INFO - 当前光标位置: x=679, y=511
2025-02-21 15:33:02,090 - mouse_tracker - INFO - 当前光标位置: x=454, y=502
2025-02-21 15:33:02,605 - mouse_tracker - INFO - 当前光标位置: x=621, y=555
2025-02-21 15:33:03,105 - mouse_tracker - INFO - 当前光标位置: x=698, y=552
2025-02-21 15:33:03,620 - mouse_tracker - INFO - 当前光标位置: x=733, y=548
2025-02-21 15:33:04,120 - mouse_tracker - INFO - 当前光标位置: x=735, y=545
2025-02-21 15:33:04,621 - mouse_tracker - INFO - 当前光标位置: x=737, y=539
2025-02-21 15:33:05,136 - mouse_tracker - INFO - 当前光标位置: x=890, y=546
2025-02-21 15:33:05,651 - mouse_tracker - INFO - 当前光标位置: x=946, y=569
2025-02-21 15:33:06,162 - mouse_tracker - INFO - 当前光标位置: x=946, y=569
2025-02-21 15:33:06,663 - mouse_tracker - INFO - 当前光标位置: x=946, y=569
2025-02-21 15:33:07,165 - mouse_tracker - INFO - 当前光标位置: x=946, y=569
2025-02-21 15:33:07,669 - mouse_tracker - INFO - 当前光标位置: x=946, y=569
2025-02-21 15:33:08,183 - mouse_tracker - INFO - 当前光标位置: x=946, y=569
2025-02-21 15:33:08,685 - mouse_tracker - INFO - 当前光标位置: x=946, y=569
2025-02-21 15:33:09,197 - mouse_tracker - INFO - 当前光标位置: x=946, y=569
2025-02-21 15:33:09,711 - mouse_tracker - INFO - 当前光标位置: x=946, y=569
2025-02-21 15:33:10,225 - mouse_tracker - INFO - 当前光标位置: x=946, y=569
2025-02-21 15:33:10,730 - mouse_tracker - INFO - 当前光标位置: x=946, y=569
2025-02-21 15:33:11,244 - mouse_tracker - INFO - 当前光标位置: x=166, y=196
2025-02-21 15:33:11,747 - mouse_tracker - INFO - 当前光标位置: x=205, y=263
2025-02-21 15:33:12,262 - mouse_tracker - INFO - 当前光标位置: x=612, y=296
2025-02-21 15:33:12,762 - mouse_tracker - INFO - 当前光标位置: x=589, y=284
2025-02-21 15:33:13,275 - mouse_tracker - INFO - 当前光标位置: x=589, y=284
2025-02-21 15:33:13,790 - mouse_tracker - INFO - 当前光标位置: x=590, y=282
2025-02-21 15:33:14,291 - mouse_tracker - INFO - 当前光标位置: x=935, y=263
2025-02-21 15:33:14,792 - mouse_tracker - INFO - 当前光标位置: x=904, y=325
2025-02-21 15:33:15,293 - mouse_tracker - INFO - 当前光标位置: x=713, y=473
2025-02-21 15:33:15,794 - mouse_tracker - INFO - 当前光标位置: x=733, y=457
2025-02-21 15:33:16,294 - mouse_tracker - INFO - 当前光标位置: x=723, y=464
2025-02-21 15:33:16,795 - mouse_tracker - INFO - 当前光标位置: x=830, y=489
2025-02-21 15:33:17,309 - mouse_tracker - INFO - 当前光标位置: x=723, y=478
2025-02-21 15:33:17,823 - mouse_tracker - INFO - 当前光标位置: x=729, y=470
2025-02-21 15:33:18,323 - mouse_tracker - INFO - 当前光标位置: x=734, y=459
2025-02-21 15:33:18,838 - mouse_tracker - INFO - 当前光标位置: x=733, y=465
2025-02-21 15:33:19,341 - mouse_tracker - INFO - 当前光标位置: x=733, y=465
2025-02-21 15:33:19,850 - mouse_tracker - INFO - 当前光标位置: x=89, y=219
2025-02-21 15:33:20,354 - mouse_tracker - INFO - 当前光标位置: x=14, y=183
2025-02-21 15:33:20,857 - mouse_tracker - INFO - 当前光标位置: x=155, y=108
2025-02-21 15:33:21,371 - mouse_tracker - INFO - 当前光标位置: x=176, y=91
2025-02-21 15:33:21,884 - mouse_tracker - INFO - 当前光标位置: x=186, y=107
2025-02-21 15:33:22,385 - mouse_tracker - INFO - 当前光标位置: x=186, y=107
2025-02-21 15:33:22,885 - mouse_tracker - INFO - 当前光标位置: x=186, y=107
2025-02-21 15:33:23,397 - mouse_tracker - INFO - 当前光标位置: x=186, y=107
2025-02-21 15:33:23,898 - mouse_tracker - INFO - 当前光标位置: x=186, y=107
2025-02-21 15:33:24,399 - mouse_tracker - INFO - 当前光标位置: x=118, y=84
2025-02-21 15:33:24,911 - mouse_tracker - INFO - 当前光标位置: x=97, y=119
2025-02-21 15:33:25,425 - mouse_tracker - INFO - 当前光标位置: x=111, y=84
2025-02-21 15:33:25,940 - mouse_tracker - INFO - 当前光标位置: x=217, y=178
2025-02-21 15:33:26,443 - mouse_tracker - INFO - 当前光标位置: x=222, y=206
2025-02-21 15:33:26,945 - mouse_tracker - INFO - 当前光标位置: x=213, y=151
2025-02-21 15:33:27,447 - mouse_tracker - INFO - 当前光标位置: x=345, y=166
2025-02-21 15:33:27,949 - mouse_tracker - INFO - 当前光标位置: x=701, y=193
2025-02-21 15:33:28,464 - mouse_tracker - INFO - 当前光标位置: x=683, y=191
2025-02-21 15:33:28,964 - mouse_tracker - INFO - 当前光标位置: x=732, y=193
2025-02-21 15:33:29,465 - mouse_tracker - INFO - 当前光标位置: x=809, y=193
2025-02-21 15:33:29,979 - mouse_tracker - INFO - 当前光标位置: x=809, y=193
2025-02-21 15:33:30,492 - mouse_tracker - INFO - 当前光标位置: x=799, y=181
2025-02-21 15:33:30,993 - mouse_tracker - INFO - 当前光标位置: x=705, y=206
2025-02-21 15:33:31,494 - mouse_tracker - INFO - 当前光标位置: x=706, y=196
2025-02-21 15:33:31,999 - mouse_tracker - INFO - 当前光标位置: x=686, y=196
2025-02-21 15:33:32,506 - mouse_tracker - INFO - 当前光标位置: x=230, y=325
2025-02-21 15:33:33,012 - mouse_tracker - INFO - 当前光标位置: x=232, y=426
2025-02-21 15:33:33,526 - mouse_tracker - INFO - 当前光标位置: x=695, y=218
2025-02-21 15:33:34,027 - mouse_tracker - INFO - 当前光标位置: x=696, y=200
2025-02-21 15:33:34,529 - mouse_tracker - INFO - 当前光标位置: x=729, y=197
2025-02-21 15:33:35,030 - mouse_tracker - INFO - 当前光标位置: x=770, y=245
2025-02-21 15:33:35,531 - mouse_tracker - INFO - 当前光标位置: x=1099, y=535
2025-02-21 15:33:36,031 - mouse_tracker - INFO - 当前光标位置: x=1099, y=534
2025-02-21 15:33:36,532 - mouse_tracker - INFO - 当前光标位置: x=1103, y=535
2025-02-21 15:33:37,033 - mouse_tracker - INFO - 当前光标位置: x=1104, y=540
2025-02-21 15:33:37,533 - mouse_tracker - INFO - 当前光标位置: x=1098, y=531
2025-02-21 15:33:38,045 - mouse_tracker - INFO - 当前光标位置: x=662, y=357
2025-02-21 15:33:38,555 - mouse_tracker - INFO - 当前光标位置: x=252, y=320
2025-02-21 15:33:39,064 - mouse_tracker - INFO - 当前光标位置: x=249, y=313
2025-02-21 15:33:39,564 - mouse_tracker - INFO - 当前光标位置: x=249, y=313
2025-02-21 15:33:40,067 - mouse_tracker - INFO - 当前光标位置: x=249, y=313
2025-02-21 15:33:40,573 - mouse_tracker - INFO - 当前光标位置: x=343, y=462
2025-02-21 15:33:41,076 - mouse_tracker - INFO - 当前光标位置: x=749, y=913
2025-02-21 15:33:41,308 - mouse_tracker - INFO - 鼠标跟踪已停止
